{"C:\\frontend-project-44-1\\src\\games\\calc.js": {"path":"C:\\frontend-project-44-1\\src\\games\\calc.js","statementMap":{"0":{"start":{"line":3,"column":18},"end":{"line":3,"column":33}},"1":{"start":{"line":5,"column":18},"end":{"line":16,"column":1}},"2":{"start":{"line":6,"column":2},"end":{"line":15,"column":3}},"3":{"start":{"line":8,"column":6},"end":{"line":8,"column":25}},"4":{"start":{"line":10,"column":6},"end":{"line":10,"column":25}},"5":{"start":{"line":12,"column":6},"end":{"line":12,"column":25}},"6":{"start":{"line":14,"column":6},"end":{"line":14,"column":42}},"7":{"start":{"line":18,"column":22},"end":{"line":28,"column":1}},"8":{"start":{"line":19,"column":15},"end":{"line":19,"column":40}},"9":{"start":{"line":20,"column":15},"end":{"line":20,"column":40}},"10":{"start":{"line":21,"column":24},"end":{"line":21,"column":67}},"11":{"start":{"line":22,"column":19},"end":{"line":22,"column":43}},"12":{"start":{"line":24,"column":19},"end":{"line":24,"column":48}},"13":{"start":{"line":25,"column":24},"end":{"line":25,"column":63}},"14":{"start":{"line":27,"column":2},"end":{"line":27,"column":35}}},"fnMap":{"0":{"name":"(anonymous_0)","decl":{"start":{"line":5,"column":18},"end":{"line":5,"column":19}},"loc":{"start":{"line":5,"column":44},"end":{"line":16,"column":1}},"line":5},"1":{"name":"(anonymous_1)","decl":{"start":{"line":18,"column":22},"end":{"line":18,"column":23}},"loc":{"start":{"line":18,"column":28},"end":{"line":28,"column":1}},"line":18}},"branchMap":{"0":{"loc":{"start":{"line":6,"column":2},"end":{"line":15,"column":3}},"type":"switch","locations":[{"start":{"line":7,"column":4},"end":{"line":8,"column":25}},{"start":{"line":9,"column":4},"end":{"line":10,"column":25}},{"start":{"line":11,"column":4},"end":{"line":12,"column":25}},{"start":{"line":13,"column":4},"end":{"line":14,"column":42}}],"line":6}},"s":{"0":2,"1":2,"2":6,"3":3,"4":1,"5":1,"6":1,"7":2,"8":2,"9":2,"10":2,"11":2,"12":2,"13":2,"14":2},"f":{"0":6,"1":2},"b":{"0":[3,1,1,1]},"_coverageSchema":"1a1c01bbd47fc00a2c39e90264f33305004495a9","hash":"8727b99d6dbd714e58d63d220f3fa367ac05ebad"}
,"C:\\frontend-project-44-1\\src\\games\\even.js": {"path":"C:\\frontend-project-44-1\\src\\games\\even.js","statementMap":{"0":{"start":{"line":3,"column":15},"end":{"line":3,"column":37}},"1":{"start":{"line":3,"column":24},"end":{"line":3,"column":37}},"2":{"start":{"line":5,"column":22},"end":{"line":9,"column":1}},"3":{"start":{"line":6,"column":17},"end":{"line":6,"column":43}},"4":{"start":{"line":7,"column":24},"end":{"line":7,"column":53}},"5":{"start":{"line":8,"column":2},"end":{"line":8,"column":41}}},"fnMap":{"0":{"name":"(anonymous_0)","decl":{"start":{"line":3,"column":15},"end":{"line":3,"column":16}},"loc":{"start":{"line":3,"column":24},"end":{"line":3,"column":37}},"line":3},"1":{"name":"(anonymous_1)","decl":{"start":{"line":5,"column":22},"end":{"line":5,"column":23}},"loc":{"start":{"line":5,"column":28},"end":{"line":9,"column":1}},"line":5}},"branchMap":{"0":{"loc":{"start":{"line":7,"column":24},"end":{"line":7,"column":53}},"type":"cond-expr","locations":[{"start":{"line":7,"column":41},"end":{"line":7,"column":46}},{"start":{"line":7,"column":49},"end":{"line":7,"column":53}}],"line":7}},"s":{"0":1,"1":8,"2":1,"3":2,"4":2,"5":2},"f":{"0":8,"1":2},"b":{"0":[1,1]},"_coverageSchema":"1a1c01bbd47fc00a2c39e90264f33305004495a9","hash":"f7f9f30ee85f558cb7ee5fb7bc5b3778a33454a8"}
,"C:\\frontend-project-44-1\\src\\games\\gcd.js": {"path":"C:\\frontend-project-44-1\\src\\games\\gcd.js","statementMap":{"0":{"start":{"line":3,"column":21},"end":{"line":14,"column":1}},"1":{"start":{"line":4,"column":13},"end":{"line":4,"column":24}},"2":{"start":{"line":5,"column":13},"end":{"line":5,"column":24}},"3":{"start":{"line":7,"column":2},"end":{"line":11,"column":3}},"4":{"start":{"line":8,"column":17},"end":{"line":8,"column":21}},"5":{"start":{"line":9,"column":4},"end":{"line":9,"column":23}},"6":{"start":{"line":10,"column":4},"end":{"line":10,"column":16}},"7":{"start":{"line":13,"column":2},"end":{"line":13,"column":14}},"8":{"start":{"line":16,"column":22},"end":{"line":24,"column":1}},"9":{"start":{"line":17,"column":15},"end":{"line":17,"column":40}},"10":{"start":{"line":18,"column":15},"end":{"line":18,"column":40}},"11":{"start":{"line":20,"column":19},"end":{"line":20,"column":36}},"12":{"start":{"line":21,"column":24},"end":{"line":21,"column":56}},"13":{"start":{"line":23,"column":2},"end":{"line":23,"column":35}}},"fnMap":{"0":{"name":"(anonymous_0)","decl":{"start":{"line":3,"column":21},"end":{"line":3,"column":22}},"loc":{"start":{"line":3,"column":31},"end":{"line":14,"column":1}},"line":3},"1":{"name":"(anonymous_1)","decl":{"start":{"line":16,"column":22},"end":{"line":16,"column":23}},"loc":{"start":{"line":16,"column":28},"end":{"line":24,"column":1}},"line":16}},"branchMap":{},"s":{"0":1,"1":8,"2":8,"3":8,"4":13,"5":13,"6":13,"7":8,"8":1,"9":1,"10":1,"11":1,"12":1,"13":1},"f":{"0":8,"1":1},"b":{},"_coverageSchema":"1a1c01bbd47fc00a2c39e90264f33305004495a9","hash":"2ca6925600420b0925bff7a1cf0dbf5a2f590b4f"}
,"C:\\frontend-project-44-1\\src\\games\\prime.js": {"path":"C:\\frontend-project-44-1\\src\\games\\prime.js","statementMap":{"0":{"start":{"line":3,"column":16},"end":{"line":14,"column":1}},"1":{"start":{"line":4,"column":2},"end":{"line":4,"column":31}},"2":{"start":{"line":4,"column":18},"end":{"line":4,"column":31}},"3":{"start":{"line":5,"column":2},"end":{"line":5,"column":32}},"4":{"start":{"line":5,"column":20},"end":{"line":5,"column":32}},"5":{"start":{"line":6,"column":2},"end":{"line":6,"column":37}},"6":{"start":{"line":6,"column":24},"end":{"line":6,"column":37}},"7":{"start":{"line":8,"column":16},"end":{"line":8,"column":33}},"8":{"start":{"line":9,"column":2},"end":{"line":11,"column":3}},"9":{"start":{"line":9,"column":15},"end":{"line":9,"column":16}},"10":{"start":{"line":10,"column":4},"end":{"line":10,"column":39}},"11":{"start":{"line":10,"column":26},"end":{"line":10,"column":39}},"12":{"start":{"line":13,"column":2},"end":{"line":13,"column":14}},"13":{"start":{"line":16,"column":22},"end":{"line":23,"column":1}},"14":{"start":{"line":17,"column":17},"end":{"line":17,"column":43}},"15":{"start":{"line":19,"column":19},"end":{"line":19,"column":33}},"16":{"start":{"line":20,"column":24},"end":{"line":20,"column":54}},"17":{"start":{"line":22,"column":2},"end":{"line":22,"column":35}}},"fnMap":{"0":{"name":"(anonymous_0)","decl":{"start":{"line":3,"column":16},"end":{"line":3,"column":17}},"loc":{"start":{"line":3,"column":28},"end":{"line":14,"column":1}},"line":3},"1":{"name":"(anonymous_1)","decl":{"start":{"line":16,"column":22},"end":{"line":16,"column":23}},"loc":{"start":{"line":16,"column":28},"end":{"line":23,"column":1}},"line":16}},"branchMap":{"0":{"loc":{"start":{"line":4,"column":2},"end":{"line":4,"column":31}},"type":"if","locations":[{"start":{"line":4,"column":2},"end":{"line":4,"column":31}},{"start":{},"end":{}}],"line":4},"1":{"loc":{"start":{"line":5,"column":2},"end":{"line":5,"column":32}},"type":"if","locations":[{"start":{"line":5,"column":2},"end":{"line":5,"column":32}},{"start":{},"end":{}}],"line":5},"2":{"loc":{"start":{"line":6,"column":2},"end":{"line":6,"column":37}},"type":"if","locations":[{"start":{"line":6,"column":2},"end":{"line":6,"column":37}},{"start":{},"end":{}}],"line":6},"3":{"loc":{"start":{"line":10,"column":4},"end":{"line":10,"column":39}},"type":"if","locations":[{"start":{"line":10,"column":4},"end":{"line":10,"column":39}},{"start":{},"end":{}}],"line":10},"4":{"loc":{"start":{"line":20,"column":24},"end":{"line":20,"column":54}},"type":"cond-expr","locations":[{"start":{"line":20,"column":42},"end":{"line":20,"column":47}},{"start":{"line":20,"column":50},"end":{"line":20,"column":54}}],"line":20}},"s":{"0":1,"1":16,"2":3,"3":13,"4":1,"5":12,"6":4,"7":8,"8":8,"9":8,"10":10,"11":3,"12":5,"13":1,"14":2,"15":2,"16":2,"17":2},"f":{"0":16,"1":2},"b":{"0":[3,13],"1":[1,12],"2":[4,8],"3":[3,7],"4":[1,1]},"_coverageSchema":"1a1c01bbd47fc00a2c39e90264f33305004495a9","hash":"1c33a22245486895229b7757cec922742a3d984b"}
,"C:\\frontend-project-44-1\\src\\games\\progression.js": {"path":"C:\\frontend-project-44-1\\src\\games\\progression.js","statementMap":{"0":{"start":{"line":3,"column":28},"end":{"line":9,"column":1}},"1":{"start":{"line":4,"column":22},"end":{"line":4,"column":24}},"2":{"start":{"line":5,"column":2},"end":{"line":7,"column":3}},"3":{"start":{"line":5,"column":15},"end":{"line":5,"column":16}},"4":{"start":{"line":6,"column":4},"end":{"line":6,"column":39}},"5":{"start":{"line":8,"column":2},"end":{"line":8,"column":21}},"6":{"start":{"line":11,"column":22},"end":{"line":24,"column":1}},"7":{"start":{"line":12,"column":16},"end":{"line":12,"column":41}},"8":{"start":{"line":13,"column":15},"end":{"line":13,"column":40}},"9":{"start":{"line":14,"column":17},"end":{"line":14,"column":19}},"10":{"start":{"line":15,"column":22},"end":{"line":15,"column":55}},"11":{"start":{"line":17,"column":22},"end":{"line":17,"column":62}},"12":{"start":{"line":18,"column":24},"end":{"line":18,"column":56}},"13":{"start":{"line":20,"column":2},"end":{"line":20,"column":34}},"14":{"start":{"line":21,"column":19},"end":{"line":21,"column":40}},"15":{"start":{"line":23,"column":2},"end":{"line":23,"column":35}}},"fnMap":{"0":{"name":"(anonymous_0)","decl":{"start":{"line":3,"column":28},"end":{"line":3,"column":29}},"loc":{"start":{"line":3,"column":53},"end":{"line":9,"column":1}},"line":3},"1":{"name":"(anonymous_1)","decl":{"start":{"line":11,"column":22},"end":{"line":11,"column":23}},"loc":{"start":{"line":11,"column":28},"end":{"line":24,"column":1}},"line":11}},"branchMap":{},"s":{"0":1,"1":3,"2":3,"3":3,"4":30,"5":3,"6":1,"7":3,"8":3,"9":3,"10":3,"11":3,"12":3,"13":3,"14":3,"15":3},"f":{"0":3,"1":3},"b":{},"_coverageSchema":"1a1c01bbd47fc00a2c39e90264f33305004495a9","hash":"d38b9216ed9ec864fa6d3d764242f32b7c4dfcb0"}
}
