{"C:\\frontend-project-44-1\\src\\games\\calc.js": {"path":"C:\\frontend-project-44-1\\src\\games\\calc.js","statementMap":{"0":{"start":{"line":1,"column":19},"end":{"line":1,"column":34}},"1":{"start":{"line":3,"column":18},"end":{"line":10,"column":1}},"2":{"start":{"line":4,"column":2},"end":{"line":9,"column":3}},"3":{"start":{"line":5,"column":12},"end":{"line":5,"column":31}},"4":{"start":{"line":6,"column":12},"end":{"line":6,"column":31}},"5":{"start":{"line":7,"column":12},"end":{"line":7,"column":31}},"6":{"start":{"line":8,"column":11},"end":{"line":8,"column":60}},"7":{"start":{"line":12,"column":22},"end":{"line":21,"column":1}},"8":{"start":{"line":13,"column":15},"end":{"line":13,"column":40}},"9":{"start":{"line":14,"column":15},"end":{"line":14,"column":40}},"10":{"start":{"line":15,"column":19},"end":{"line":15,"column":62}},"11":{"start":{"line":17,"column":19},"end":{"line":17,"column":48}},"12":{"start":{"line":18,"column":24},"end":{"line":18,"column":63}},"13":{"start":{"line":20,"column":2},"end":{"line":20,"column":35}}},"fnMap":{"0":{"name":"(anonymous_0)","decl":{"start":{"line":3,"column":18},"end":{"line":3,"column":19}},"loc":{"start":{"line":3,"column":44},"end":{"line":10,"column":1}},"line":3},"1":{"name":"(anonymous_1)","decl":{"start":{"line":12,"column":22},"end":{"line":12,"column":23}},"loc":{"start":{"line":12,"column":28},"end":{"line":21,"column":1}},"line":12}},"branchMap":{"0":{"loc":{"start":{"line":4,"column":2},"end":{"line":9,"column":3}},"type":"switch","locations":[{"start":{"line":5,"column":2},"end":{"line":5,"column":31}},{"start":{"line":6,"column":2},"end":{"line":6,"column":31}},{"start":{"line":7,"column":2},"end":{"line":7,"column":31}},{"start":{"line":8,"column":2},"end":{"line":8,"column":60}}],"line":4}},"s":{"0":1,"1":1,"2":4,"3":1,"4":1,"5":1,"6":1,"7":1,"8":0,"9":0,"10":0,"11":0,"12":0,"13":0},"f":{"0":4,"1":0},"b":{"0":[1,1,1,1]},"_coverageSchema":"1a1c01bbd47fc00a2c39e90264f33305004495a9","hash":"9305bbcf3d21ff023d23b1a1cb88fa82ddd352a8"}
,"C:\\frontend-project-44-1\\src\\games\\even.js": {"path":"C:\\frontend-project-44-1\\src\\games\\even.js","statementMap":{"0":{"start":{"line":1,"column":16},"end":{"line":1,"column":38}},"1":{"start":{"line":1,"column":25},"end":{"line":1,"column":38}},"2":{"start":{"line":3,"column":22},"end":{"line":7,"column":1}},"3":{"start":{"line":4,"column":17},"end":{"line":4,"column":43}},"4":{"start":{"line":5,"column":24},"end":{"line":5,"column":53}},"5":{"start":{"line":6,"column":2},"end":{"line":6,"column":41}}},"fnMap":{"0":{"name":"(anonymous_0)","decl":{"start":{"line":1,"column":16},"end":{"line":1,"column":17}},"loc":{"start":{"line":1,"column":25},"end":{"line":1,"column":38}},"line":1},"1":{"name":"(anonymous_1)","decl":{"start":{"line":3,"column":22},"end":{"line":3,"column":23}},"loc":{"start":{"line":3,"column":28},"end":{"line":7,"column":1}},"line":3}},"branchMap":{"0":{"loc":{"start":{"line":5,"column":24},"end":{"line":5,"column":53}},"type":"cond-expr","locations":[{"start":{"line":5,"column":41},"end":{"line":5,"column":46}},{"start":{"line":5,"column":49},"end":{"line":5,"column":53}}],"line":5}},"s":{"0":1,"1":2,"2":1,"3":0,"4":0,"5":0},"f":{"0":2,"1":0},"b":{"0":[0,0]},"_coverageSchema":"1a1c01bbd47fc00a2c39e90264f33305004495a9","hash":"29193fac0f71eb1f4a3d09452cda5270e2878a9e"}
,"C:\\frontend-project-44-1\\src\\games\\gcd.js": {"path":"C:\\frontend-project-44-1\\src\\games\\gcd.js","statementMap":{"0":{"start":{"line":1,"column":22},"end":{"line":12,"column":1}},"1":{"start":{"line":2,"column":13},"end":{"line":2,"column":24}},"2":{"start":{"line":3,"column":13},"end":{"line":3,"column":24}},"3":{"start":{"line":5,"column":2},"end":{"line":9,"column":3}},"4":{"start":{"line":6,"column":17},"end":{"line":6,"column":21}},"5":{"start":{"line":7,"column":4},"end":{"line":7,"column":23}},"6":{"start":{"line":8,"column":4},"end":{"line":8,"column":16}},"7":{"start":{"line":11,"column":2},"end":{"line":11,"column":14}},"8":{"start":{"line":14,"column":22},"end":{"line":22,"column":1}},"9":{"start":{"line":15,"column":15},"end":{"line":15,"column":40}},"10":{"start":{"line":16,"column":15},"end":{"line":16,"column":40}},"11":{"start":{"line":18,"column":19},"end":{"line":18,"column":36}},"12":{"start":{"line":19,"column":24},"end":{"line":19,"column":56}},"13":{"start":{"line":21,"column":2},"end":{"line":21,"column":35}}},"fnMap":{"0":{"name":"(anonymous_0)","decl":{"start":{"line":1,"column":22},"end":{"line":1,"column":23}},"loc":{"start":{"line":1,"column":32},"end":{"line":12,"column":1}},"line":1},"1":{"name":"(anonymous_1)","decl":{"start":{"line":14,"column":22},"end":{"line":14,"column":23}},"loc":{"start":{"line":14,"column":28},"end":{"line":22,"column":1}},"line":14}},"branchMap":{},"s":{"0":1,"1":1,"2":1,"3":1,"4":2,"5":2,"6":2,"7":1,"8":1,"9":0,"10":0,"11":0,"12":0,"13":0},"f":{"0":1,"1":0},"b":{},"_coverageSchema":"1a1c01bbd47fc00a2c39e90264f33305004495a9","hash":"5e4e8ce06806fecd36951f49b114124c47e14d5e"}
,"C:\\frontend-project-44-1\\src\\games\\prime.js": {"path":"C:\\frontend-project-44-1\\src\\games\\prime.js","statementMap":{"0":{"start":{"line":1,"column":17},"end":{"line":12,"column":1}},"1":{"start":{"line":2,"column":2},"end":{"line":2,"column":31}},"2":{"start":{"line":2,"column":18},"end":{"line":2,"column":31}},"3":{"start":{"line":3,"column":2},"end":{"line":3,"column":32}},"4":{"start":{"line":3,"column":20},"end":{"line":3,"column":32}},"5":{"start":{"line":4,"column":2},"end":{"line":4,"column":37}},"6":{"start":{"line":4,"column":24},"end":{"line":4,"column":37}},"7":{"start":{"line":6,"column":16},"end":{"line":6,"column":33}},"8":{"start":{"line":7,"column":2},"end":{"line":9,"column":3}},"9":{"start":{"line":7,"column":15},"end":{"line":7,"column":16}},"10":{"start":{"line":8,"column":4},"end":{"line":8,"column":39}},"11":{"start":{"line":8,"column":26},"end":{"line":8,"column":39}},"12":{"start":{"line":11,"column":2},"end":{"line":11,"column":14}},"13":{"start":{"line":14,"column":22},"end":{"line":21,"column":1}},"14":{"start":{"line":15,"column":17},"end":{"line":15,"column":43}},"15":{"start":{"line":17,"column":19},"end":{"line":17,"column":33}},"16":{"start":{"line":18,"column":24},"end":{"line":18,"column":54}},"17":{"start":{"line":20,"column":2},"end":{"line":20,"column":35}}},"fnMap":{"0":{"name":"(anonymous_0)","decl":{"start":{"line":1,"column":17},"end":{"line":1,"column":18}},"loc":{"start":{"line":1,"column":29},"end":{"line":12,"column":1}},"line":1},"1":{"name":"(anonymous_1)","decl":{"start":{"line":14,"column":22},"end":{"line":14,"column":23}},"loc":{"start":{"line":14,"column":28},"end":{"line":21,"column":1}},"line":14}},"branchMap":{"0":{"loc":{"start":{"line":2,"column":2},"end":{"line":2,"column":31}},"type":"if","locations":[{"start":{"line":2,"column":2},"end":{"line":2,"column":31}},{"start":{},"end":{}}],"line":2},"1":{"loc":{"start":{"line":3,"column":2},"end":{"line":3,"column":32}},"type":"if","locations":[{"start":{"line":3,"column":2},"end":{"line":3,"column":32}},{"start":{},"end":{}}],"line":3},"2":{"loc":{"start":{"line":4,"column":2},"end":{"line":4,"column":37}},"type":"if","locations":[{"start":{"line":4,"column":2},"end":{"line":4,"column":37}},{"start":{},"end":{}}],"line":4},"3":{"loc":{"start":{"line":8,"column":4},"end":{"line":8,"column":39}},"type":"if","locations":[{"start":{"line":8,"column":4},"end":{"line":8,"column":39}},{"start":{},"end":{}}],"line":8},"4":{"loc":{"start":{"line":18,"column":24},"end":{"line":18,"column":54}},"type":"cond-expr","locations":[{"start":{"line":18,"column":42},"end":{"line":18,"column":47}},{"start":{"line":18,"column":50},"end":{"line":18,"column":54}}],"line":18}},"s":{"0":1,"1":2,"2":0,"3":2,"4":0,"5":2,"6":1,"7":1,"8":1,"9":1,"10":0,"11":0,"12":1,"13":1,"14":0,"15":0,"16":0,"17":0},"f":{"0":2,"1":0},"b":{"0":[0,2],"1":[0,2],"2":[1,1],"3":[0,0],"4":[0,0]},"_coverageSchema":"1a1c01bbd47fc00a2c39e90264f33305004495a9","hash":"f53bc7bfd3eee4fea82ed4e89169352bd67a08f6"}
,"C:\\frontend-project-44-1\\src\\games\\progression.js": {"path":"C:\\frontend-project-44-1\\src\\games\\progression.js","statementMap":{"0":{"start":{"line":1,"column":28},"end":{"line":3,"column":1}},"1":{"start":{"line":2,"column":2},"end":{"line":2,"column":59}},"2":{"start":{"line":5,"column":28},"end":{"line":11,"column":1}},"3":{"start":{"line":6,"column":22},"end":{"line":6,"column":24}},"4":{"start":{"line":7,"column":2},"end":{"line":9,"column":3}},"5":{"start":{"line":7,"column":15},"end":{"line":7,"column":16}},"6":{"start":{"line":8,"column":4},"end":{"line":8,"column":39}},"7":{"start":{"line":10,"column":2},"end":{"line":10,"column":21}},"8":{"start":{"line":13,"column":22},"end":{"line":26,"column":1}},"9":{"start":{"line":14,"column":16},"end":{"line":14,"column":41}},"10":{"start":{"line":15,"column":15},"end":{"line":15,"column":40}},"11":{"start":{"line":16,"column":17},"end":{"line":16,"column":19}},"12":{"start":{"line":17,"column":22},"end":{"line":17,"column":55}},"13":{"start":{"line":19,"column":22},"end":{"line":19,"column":62}},"14":{"start":{"line":20,"column":24},"end":{"line":20,"column":56}},"15":{"start":{"line":22,"column":2},"end":{"line":22,"column":34}},"16":{"start":{"line":23,"column":19},"end":{"line":23,"column":40}},"17":{"start":{"line":25,"column":2},"end":{"line":25,"column":35}}},"fnMap":{"0":{"name":"(anonymous_0)","decl":{"start":{"line":1,"column":28},"end":{"line":1,"column":29}},"loc":{"start":{"line":1,"column":42},"end":{"line":3,"column":1}},"line":1},"1":{"name":"(anonymous_1)","decl":{"start":{"line":5,"column":28},"end":{"line":5,"column":29}},"loc":{"start":{"line":5,"column":53},"end":{"line":11,"column":1}},"line":5},"2":{"name":"(anonymous_2)","decl":{"start":{"line":13,"column":22},"end":{"line":13,"column":23}},"loc":{"start":{"line":13,"column":28},"end":{"line":26,"column":1}},"line":13}},"branchMap":{},"s":{"0":1,"1":3,"2":1,"3":1,"4":1,"5":1,"6":10,"7":1,"8":1,"9":1,"10":1,"11":1,"12":1,"13":1,"14":1,"15":1,"16":1,"17":1},"f":{"0":3,"1":1,"2":1},"b":{},"_coverageSchema":"1a1c01bbd47fc00a2c39e90264f33305004495a9","hash":"720962d9eb52a3c8529f7836b5130fa2a8384484"}
}
