TN:
SF:src\games\calc.js
FN:3,(anonymous_0)
FN:12,(anonymous_1)
FNF:2
FNH:1
FNDA:4,(anonymous_0)
FNDA:0,(anonymous_1)
DA:1,1
DA:3,1
DA:4,4
DA:5,1
DA:6,1
DA:7,1
DA:8,1
DA:12,1
DA:13,0
DA:14,0
DA:15,0
DA:17,0
DA:18,0
DA:20,0
LF:14
LH:8
BRDA:4,0,0,1
BRDA:4,0,1,1
BRDA:4,0,2,1
BRDA:4,0,3,1
BRF:4
BRH:4
end_of_record
TN:
SF:src\games\even.js
FN:1,(anonymous_0)
FN:3,(anonymous_1)
FNF:2
FNH:1
FNDA:2,(anonymous_0)
FNDA:0,(anonymous_1)
DA:1,2
DA:3,1
DA:4,0
DA:5,0
DA:6,0
LF:5
LH:2
BRDA:5,0,0,0
BRDA:5,0,1,0
BRF:2
BRH:0
end_of_record
TN:
SF:src\games\gcd.js
FN:1,(anonymous_0)
FN:14,(anonymous_1)
FNF:2
FNH:1
FNDA:1,(anonymous_0)
FNDA:0,(anonymous_1)
DA:1,1
DA:2,1
DA:3,1
DA:5,1
DA:6,2
DA:7,2
DA:8,2
DA:11,1
DA:14,1
DA:15,0
DA:16,0
DA:18,0
DA:19,0
DA:21,0
LF:14
LH:9
BRF:0
BRH:0
end_of_record
TN:
SF:src\games\prime.js
FN:1,(anonymous_0)
FN:14,(anonymous_1)
FNF:2
FNH:1
FNDA:2,(anonymous_0)
FNDA:0,(anonymous_1)
DA:1,1
DA:2,2
DA:3,2
DA:4,2
DA:6,1
DA:7,1
DA:8,0
DA:11,1
DA:14,1
DA:15,0
DA:17,0
DA:18,0
DA:20,0
LF:13
LH:8
BRDA:2,0,0,0
BRDA:2,0,1,2
BRDA:3,1,0,0
BRDA:3,1,1,2
BRDA:4,2,0,1
BRDA:4,2,1,1
BRDA:8,3,0,0
BRDA:8,3,1,0
BRDA:18,4,0,0
BRDA:18,4,1,0
BRF:10
BRH:4
end_of_record
TN:
SF:src\games\progression.js
FN:1,(anonymous_0)
FN:5,(anonymous_1)
FN:13,(anonymous_2)
FNF:3
FNH:3
FNDA:3,(anonymous_0)
FNDA:1,(anonymous_1)
FNDA:1,(anonymous_2)
DA:1,1
DA:2,3
DA:5,1
DA:6,1
DA:7,1
DA:8,10
DA:10,1
DA:13,1
DA:14,1
DA:15,1
DA:16,1
DA:17,1
DA:19,1
DA:20,1
DA:22,1
DA:23,1
DA:25,1
LF:17
LH:17
BRF:0
BRH:0
end_of_record
