TN:
SF:src\games\calc.js
FN:5,(anonymous_0)
FN:18,(anonymous_1)
FNF:2
FNH:2
FNDA:6,(anonymous_0)
FNDA:2,(anonymous_1)
DA:3,2
DA:5,2
DA:6,6
DA:8,3
DA:10,1
DA:12,1
DA:14,1
DA:18,2
DA:19,2
DA:20,2
DA:21,2
DA:22,2
DA:24,2
DA:25,2
DA:27,2
LF:15
LH:15
BRDA:6,0,0,3
BRDA:6,0,1,1
BRDA:6,0,2,1
BRDA:6,0,3,1
BRF:4
BRH:4
end_of_record
TN:
SF:src\games\even.js
FN:3,(anonymous_0)
FN:5,(anonymous_1)
FNF:2
FNH:2
FNDA:8,(anonymous_0)
FNDA:2,(anonymous_1)
DA:3,8
DA:5,1
DA:6,2
DA:7,2
DA:8,2
LF:5
LH:5
BRDA:7,0,0,1
BRDA:7,0,1,1
BRF:2
BRH:2
end_of_record
TN:
SF:src\games\gcd.js
FN:3,(anonymous_0)
FN:16,(anonymous_1)
FNF:2
FNH:2
FNDA:8,(anonymous_0)
FNDA:1,(anonymous_1)
DA:3,1
DA:4,8
DA:5,8
DA:7,8
DA:8,13
DA:9,13
DA:10,13
DA:13,8
DA:16,1
DA:17,1
DA:18,1
DA:20,1
DA:21,1
DA:23,1
LF:14
LH:14
BRF:0
BRH:0
end_of_record
TN:
SF:src\games\prime.js
FN:3,(anonymous_0)
FN:16,(anonymous_1)
FNF:2
FNH:2
FNDA:16,(anonymous_0)
FNDA:2,(anonymous_1)
DA:3,1
DA:4,16
DA:5,13
DA:6,12
DA:8,8
DA:9,8
DA:10,10
DA:13,5
DA:16,1
DA:17,2
DA:19,2
DA:20,2
DA:22,2
LF:13
LH:13
BRDA:4,0,0,3
BRDA:4,0,1,13
BRDA:5,1,0,1
BRDA:5,1,1,12
BRDA:6,2,0,4
BRDA:6,2,1,8
BRDA:10,3,0,3
BRDA:10,3,1,7
BRDA:20,4,0,1
BRDA:20,4,1,1
BRF:10
BRH:10
end_of_record
TN:
SF:src\games\progression.js
FN:3,(anonymous_0)
FN:11,(anonymous_1)
FNF:2
FNH:2
FNDA:3,(anonymous_0)
FNDA:3,(anonymous_1)
DA:3,1
DA:4,3
DA:5,3
DA:6,30
DA:8,3
DA:11,1
DA:12,3
DA:13,3
DA:14,3
DA:15,3
DA:17,3
DA:18,3
DA:20,3
DA:21,3
DA:23,3
LF:15
LH:15
BRF:0
BRH:0
end_of_record
